<?xml version="1.0" encoding="utf-8"?><testsuites name="pytest tests"><testsuite name="pytest" errors="0" failures="0" skipped="0" tests="21" time="6.969" timestamp="2026-06-06T21:00:09.112936+00:00" hostname="agent-env-8652bf73-6492-4ec2-9c6a-f7909fedf074"><testcase classname="backend.tests.test_ton_economy_phase34.TestMarketSell" name="test_sell_tax_by_vip[0-20]" time="0.284" /><testcase classname="backend.tests.test_ton_economy_phase34.TestMarketSell" name="test_sell_tax_by_vip[1-10]" time="0.106" /><testcase classname="backend.tests.test_ton_economy_phase34.TestMarketSell" name="test_sell_tax_by_vip[5-10]" time="0.102" /><testcase classname="backend.tests.test_ton_economy_phase34.TestMarketSell" name="test_sell_tax_by_vip[20-8]" time="0.110" /><testcase classname="backend.tests.test_ton_economy_phase34.TestMarketSell" name="test_sell_tax_by_vip[30-5]" time="0.100" /><testcase classname="backend.tests.test_ton_economy_phase34.TestMarketSell" name="test_invalid_inv_index_returns_400" time="0.100" /><testcase classname="backend.tests.test_ton_economy_phase34.TestMarketSell" name="test_unknown_wallet_returns_404" time="0.053" /><testcase classname="backend.tests.test_ton_economy_phase34.TestWithdrawRequest" name="test_request_atomic_debit_creates_pending" time="0.553" /><testcase classname="backend.tests.test_ton_economy_phase34.TestWithdrawRequest" name="test_insufficient_balance_returns_400" time="0.112" /><testcase classname="backend.tests.test_ton_economy_phase34.TestWithdrawRequest" name="test_unknown_wallet_returns_404" time="0.050" /><testcase classname="backend.tests.test_ton_economy_phase34.TestWithdrawRequest" name="test_history_sorted_desc" time="1.549" /><testcase classname="backend.tests.test_ton_economy_phase34.TestAdminCheck" name="test_admin_true" time="0.053" /><testcase classname="backend.tests.test_ton_economy_phase34.TestAdminCheck" name="test_admin_false" time="0.049" /><testcase classname="backend.tests.test_ton_economy_phase34.TestAdminListWithdrawals" name="test_list_pending_as_admin" time="0.563" /><testcase classname="backend.tests.test_ton_economy_phase34.TestAdminListWithdrawals" name="test_list_non_admin_403" time="0.047" /><testcase classname="backend.tests.test_ton_economy_phase34.TestAdminApprove" name="test_approve_no_refund" time="0.561" /><testcase classname="backend.tests.test_ton_economy_phase34.TestAdminApprove" name="test_approve_non_admin_403" time="0.542" /><testcase classname="backend.tests.test_ton_economy_phase34.TestAdminApprove" name="test_approve_not_found_404" time="0.050" /><testcase classname="backend.tests.test_ton_economy_phase34.TestAdminApprove" name="test_approve_already_approved_400" time="0.622" /><testcase classname="backend.tests.test_ton_economy_phase34.TestAdminReject" name="test_reject_refunds_balance" time="0.574" /><testcase classname="backend.tests.test_ton_economy_phase34.TestAdminReject" name="test_reject_non_admin_403" time="0.556" /></testsuite></testsuites>