<?xml version="1.0" encoding="utf-8"?><testsuites name="pytest tests"><testsuite name="pytest" errors="0" failures="0" skipped="1" tests="27" time="7.661" timestamp="2026-06-06T16:17:15.474956+00:00" hostname="agent-env-dc07faf1-d170-4c33-81c6-fe00a91fae6f"><testcase classname="backend.tests.test_telegram_integration.TestTelegramAuth" name="test_auth_with_invalid_init_data_returns_401" time="0.351" /><testcase classname="backend.tests.test_telegram_integration.TestTelegramAuth" name="test_auth_with_empty_init_data_returns_401" time="0.058" /><testcase classname="backend.tests.test_telegram_integration.TestTelegramAuth" name="test_auth_with_missing_init_data_returns_422" time="0.063" /><testcase classname="backend.tests.test_telegram_integration.TestTelegramAuth" name="test_auth_with_random_garbage_returns_401" time="0.060" /><testcase classname="backend.tests.test_telegram_integration.TestTelegramAuth" name="test_auth_with_valid_signed_init_data_returns_player" time="0.125" /><testcase classname="backend.tests.test_telegram_integration.TestTelegramAuth" name="test_auth_with_tampered_hash_returns_401" time="0.060" /><testcase classname="backend.tests.test_telegram_integration.TestTelegramNotify" name="test_notify_forwards_to_bot_api" time="2.659" /><testcase classname="backend.tests.test_telegram_integration.TestTelegramWebhook" name="test_webhook_wrong_secret_returns_403" time="0.057" /><testcase classname="backend.tests.test_telegram_integration.TestTelegramWebhook" name="test_webhook_correct_secret_returns_ok" time="0.055" /><testcase classname="backend.tests.test_telegram_integration.TestTelegramWebhook" name="test_webhook_with_empty_payload_handled" time="0.053" /><testcase classname="backend.tests.test_telegram_integration.TestTelegramWebhook" name="test_webhook_start_command_triggers_send_message" time="0.487" /><testcase classname="backend.tests.test_telegram_integration.TestTelegramWebhook" name="test_webhook_help_command_handled" time="0.484" /><testcase classname="backend.tests.test_telegram_integration.TestTelegramWebhook" name="test_webhook_unknown_text_handled" time="0.055" /><testcase classname="backend.tests.test_telegram_integration.TestTelegramSetup" name="test_setup_returns_three_api_responses" time="0.000"><skipped type="pytest.skip" message="Skipped to avoid mutating the live Telegram webhook. Set RUN_TELEGRAM_SETUP=1 to actually execute.">/app/backend/tests/test_telegram_integration.py:218: Skipped to avoid mutating the live Telegram webhook. Set RUN_TELEGRAM_SETUP=1 to actually execute.</skipped></testcase><testcase classname="backend.tests.test_telegram_integration.TestTelegramSetup" name="test_setup_route_is_registered" time="0.070" /><testcase classname="backend.tests.test_chronicles_ton_api.TestRoot" name="test_root_endpoint" time="0.144" /><testcase classname="backend.tests.test_chronicles_ton_api.TestPlayer" name="test_get_creates_new_player_with_defaults" time="0.138" /><testcase classname="backend.tests.test_chronicles_ton_api.TestPlayer" name="test_get_returns_same_player_on_subsequent_call" time="0.089" /><testcase classname="backend.tests.test_chronicles_ton_api.TestSave" name="test_save_partial_update_persists" time="0.097" /><testcase classname="backend.tests.test_chronicles_ton_api.TestSave" name="test_save_updates_only_provided_fields" time="0.048" /><testcase classname="backend.tests.test_chronicles_ton_api.TestSave" name="test_save_creates_player_if_not_exists" time="0.098" /><testcase classname="backend.tests.test_chronicles_ton_api.TestPurchase" name="test_purchase_appends_to_inventory" time="0.150" /><testcase classname="backend.tests.test_chronicles_ton_api.TestPurchase" name="test_purchase_wallet_mismatch_400" time="0.047" /><testcase classname="backend.tests.test_chronicles_ton_api.TestPurchase" name="test_purchase_multiple_appends" time="0.238" /><testcase classname="backend.tests.test_chronicles_ton_api.TestLeaderboard" name="test_leaderboard_sorted_desc_limit_20" time="0.304" /><testcase classname="backend.tests.test_chronicles_ton_api.TestLeaderboard" name="test_leaderboard_limit_max_20" time="1.144" /><testcase classname="backend.tests.test_chronicles_ton_api.TestApiPrefix" name="test_no_api_prefix_returns_404" time="0.050" /></testsuite></testsuites>