<?xml version="1.0" encoding="utf-8"?><testsuites name="pytest tests"><testsuite name="pytest" errors="0" failures="0" skipped="0" tests="20" time="3.104" timestamp="2026-06-06T20:31:06.004422+00:00" hostname="agent-env-8652bf73-6492-4ec2-9c6a-f7909fedf074"><testcase classname="backend.tests.test_ton_economy_phase12.TestDepositInit" name="test_deposit_init_creates_pending_doc" time="0.258" /><testcase classname="backend.tests.test_ton_economy_phase12.TestDepositInit" name="test_deposit_init_invalid_amount" time="0.106" /><testcase classname="backend.tests.test_ton_economy_phase12.TestDepositInit" name="test_deposit_init_unique_comments" time="0.243" /><testcase classname="backend.tests.test_ton_economy_phase12.TestDepositStatusAndHistory" name="test_status_returns_pending_for_new" time="0.097" /><testcase classname="backend.tests.test_ton_economy_phase12.TestDepositStatusAndHistory" name="test_status_404_for_unknown" time="0.052" /><testcase classname="backend.tests.test_ton_economy_phase12.TestDepositStatusAndHistory" name="test_history_lists_deposits" time="0.209" /><testcase classname="backend.tests.test_ton_economy_phase12.TestBalance" name="test_balance_non_existent_wallet_returns_zeros" time="0.047" /><testcase classname="backend.tests.test_ton_economy_phase12.TestBalance" name="test_balance_after_credit" time="0.170" /><testcase classname="backend.tests.test_ton_economy_phase12.TestPackCatalog" name="test_pack_catalog_two_items" time="0.045" /><testcase classname="backend.tests.test_ton_economy_phase12.TestVipCatalog" name="test_vip_catalog_30_levels" time="0.045" /><testcase classname="backend.tests.test_ton_economy_phase12.TestPackBuy" name="test_pack_buy_start_success" time="0.183" /><testcase classname="backend.tests.test_ton_economy_phase12.TestPackBuy" name="test_pack_buy_start_already_purchased_400" time="0.186" /><testcase classname="backend.tests.test_ton_economy_phase12.TestPackBuy" name="test_pack_buy_xp_extends" time="0.206" /><testcase classname="backend.tests.test_ton_economy_phase12.TestPackBuy" name="test_pack_buy_insufficient_balance" time="0.165" /><testcase classname="backend.tests.test_ton_economy_phase12.TestPackBuy" name="test_pack_buy_unknown_pack" time="0.156" /><testcase classname="backend.tests.test_ton_economy_phase12.TestVipBuy" name="test_vip_buy_0_to_3" time="0.150" /><testcase classname="backend.tests.test_ton_economy_phase12.TestVipBuy" name="test_vip_buy_target_le_current_400" time="0.247" /><testcase classname="backend.tests.test_ton_economy_phase12.TestVipBuy" name="test_vip_buy_insufficient_balance" time="0.152" /><testcase classname="backend.tests.test_ton_economy_phase12.TestVipBuy" name="test_vip_buy_target_31_returns_422" time="0.048" /><testcase classname="backend.tests.test_ton_economy_phase12.TestVipBuy" name="test_vip_buy_target_0_returns_422" time="0.047" /></testsuite></testsuites>