<?xml version="1.0" encoding="utf-8"?><testsuites name="pytest tests"><testsuite name="pytest" errors="0" failures="0" skipped="0" tests="12" time="3.029" timestamp="2026-06-06T15:54:56.520770+00:00" hostname="agent-env-dc07faf1-d170-4c33-81c6-fe00a91fae6f"><testcase classname="backend.tests.test_chronicles_ton_api.TestRoot" name="test_root_endpoint" time="0.210" /><testcase classname="backend.tests.test_chronicles_ton_api.TestPlayer" name="test_get_creates_new_player_with_defaults" time="0.071" /><testcase classname="backend.tests.test_chronicles_ton_api.TestPlayer" name="test_get_returns_same_player_on_subsequent_call" time="0.113" /><testcase classname="backend.tests.test_chronicles_ton_api.TestSave" name="test_save_partial_update_persists" time="0.113" /><testcase classname="backend.tests.test_chronicles_ton_api.TestSave" name="test_save_updates_only_provided_fields" time="0.054" /><testcase classname="backend.tests.test_chronicles_ton_api.TestSave" name="test_save_creates_player_if_not_exists" time="0.110" /><testcase classname="backend.tests.test_chronicles_ton_api.TestPurchase" name="test_purchase_appends_to_inventory" time="0.162" /><testcase classname="backend.tests.test_chronicles_ton_api.TestPurchase" name="test_purchase_wallet_mismatch_400" time="0.057" /><testcase classname="backend.tests.test_chronicles_ton_api.TestPurchase" name="test_purchase_multiple_appends" time="0.253" /><testcase classname="backend.tests.test_chronicles_ton_api.TestLeaderboard" name="test_leaderboard_sorted_desc_limit_20" time="0.316" /><testcase classname="backend.tests.test_chronicles_ton_api.TestLeaderboard" name="test_leaderboard_limit_max_20" time="1.265" /><testcase classname="backend.tests.test_chronicles_ton_api.TestApiPrefix" name="test_no_api_prefix_returns_404" time="0.054" /></testsuite></testsuites>